<?xml version="1.0" encoding="UTF-8"?>
<!-- Generated by org.testng.reporters.JUnitXMLReporter -->
<testsuite hostname="AUSDEV9B2MZF2" name="Test" tests="5" failures="1" timestamp="14 Jul 2019 16:21:59 GMT" time="71.046" errors="0">
  <testcase name="verifyLoginIntoApp" time="3.316" classname="test.LoginPageTest"/>
  <testcase name="contacts" time="5.564" classname="test.HomePageTest"/>
  <testcase name="verifyAccountName" time="2.742" classname="test.HomePageTest"/>
  <testcase name="verifyHomepageHeader" time="2.895" classname="test.HomePageTest">
    <failure type="java.lang.AssertionError" message="expected [Marketing Dashboard] but found [Sales Dashboard]">
      <![CDATA[java.lang.AssertionError: expected [Marketing Dashboard] but found [Sales Dashboard]
	at test.HomePageTest.verifyHomepageHeader(HomePageTest.java:32)
... Removed 29 stack frames]]>
    </failure>
  </testcase> <!-- verifyHomepageHeader -->
  <testcase name="verifyHomepageTitle" time="2.562" classname="test.HomePageTest"/>
</testsuite> <!-- Test -->
